Downloading: "https://download.pytorch.org/models/efficientnet_v2_m-dc08266a.pth" to /mmfs1/home/lbc800/.cache/torch/hub/checkpoints/efficientnet_v2_m-dc08266a.pth
  0%|          | 0.00/208M [00:00<?, ?B/s]  5%|▌         | 11.2M/208M [00:00<00:01, 117MB/s] 11%|█         | 22.6M/208M [00:00<00:01, 118MB/s] 16%|█▋        | 34.0M/208M [00:00<00:01, 118MB/s] 22%|██▏       | 45.4M/208M [00:00<00:01, 118MB/s] 27%|██▋       | 56.8M/208M [00:00<00:01, 118MB/s] 33%|███▎      | 68.1M/208M [00:00<00:01, 118MB/s] 38%|███▊      | 79.5M/208M [00:00<00:01, 118MB/s] 44%|████▎     | 90.9M/208M [00:00<00:01, 118MB/s] 49%|████▉     | 102M/208M [00:00<00:00, 118MB/s]  55%|█████▍    | 114M/208M [00:01<00:00, 118MB/s] 60%|██████    | 125M/208M [00:01<00:00, 118MB/s] 66%|██████▌   | 136M/208M [00:01<00:00, 118MB/s] 71%|███████   | 148M/208M [00:01<00:00, 118MB/s] 76%|███████▋  | 159M/208M [00:01<00:00, 118MB/s] 82%|████████▏ | 170M/208M [00:01<00:00, 118MB/s] 87%|████████▋ | 182M/208M [00:01<00:00, 118MB/s] 93%|█████████▎| 193M/208M [00:01<00:00, 118MB/s] 98%|█████████▊| 205M/208M [00:01<00:00, 118MB/s]100%|██████████| 208M/208M [00:01<00:00, 118MB/s]
Traceback (most recent call last):
  File "/gscratch/stf/lbc800/fashion-app/train_attribute_detector.py", line 193, in <module>
    torch.save(train_model(model, train_loader, val_loader, optimizer, device, criterion),'Fefficientnet.pth')
  File "/gscratch/stf/lbc800/fashion-app/train_attribute_detector.py", line 71, in train_model
    model.to(device)
  File "/usr/local/lib/python3.10/dist-packages/torch/nn/modules/module.py", line 1343, in to
    return self._apply(convert)
  File "/usr/local/lib/python3.10/dist-packages/torch/nn/modules/module.py", line 903, in _apply
    module._apply(fn)
  File "/usr/local/lib/python3.10/dist-packages/torch/nn/modules/module.py", line 903, in _apply
    module._apply(fn)
  File "/usr/local/lib/python3.10/dist-packages/torch/nn/modules/module.py", line 903, in _apply
    module._apply(fn)
  File "/usr/local/lib/python3.10/dist-packages/torch/nn/modules/module.py", line 930, in _apply
    param_applied = fn(param)
  File "/usr/local/lib/python3.10/dist-packages/torch/nn/modules/module.py", line 1329, in convert
    return t.to(
RuntimeError: CUDA error: uncorrectable ECC error encountered
CUDA kernel errors might be asynchronously reported at some other API call, so the stacktrace below might be incorrect.
For debugging consider passing CUDA_LAUNCH_BLOCKING=1
Compile with `TORCH_USE_CUDA_DSA` to enable device-side assertions.

